Build started 7/24/2014 3:40:23 PM.
     1>Project "D:\MeshVisualizer\MeshVis\MeshVis.vcxproj" on node 2 (build target(s)).
     1>InitializeBuildStatus:
         Creating "Debug\MeshVis.unsuccessfulbuild" because "AlwaysCreate" was specified.
       ClCompile:
         All outputs are up-to-date.
         All outputs are up-to-date.
       ResourceCompile:
         All outputs are up-to-date.
       ManifestResourceCompile:
         All outputs are up-to-date.
       Link:
         All outputs are up-to-date.
       Manifest:
         C:\Program Files (x86)\Microsoft SDKs\Windows\v7.0A\bin\mt.exe /nologo /verbose /out:"Debug\MeshVis.exe.embed.manifest" /manifest Debug\MeshVis.exe.intermediate.manifest "c:\Program Files (x86)\Microsoft Visual Studio 10.0\VC\Include\Manifest\dpiaware.manifest"
         All outputs are up-to-date.
       FinalizeBuildStatus:
         Deleting file "Debug\MeshVis.unsuccessfulbuild".
         Touching "Debug\MeshVis.lastbuildstate".
     1>Done Building Project "D:\MeshVisualizer\MeshVis\MeshVis.vcxproj" (build target(s)).

Build succeeded.

Time Elapsed 00:00:00.17
